生成启动时间为 2016/3/9 22:07:15。
     1>项目“F:\毕设\final\UserCF\UserCF\UserCF.vcxproj”在节点 2 上(Build 个目标)。
     1>ClCompile:
         D:\Program Files\VS2013\VC\bin\CL.exe /c /Zi /nologo /W3 /WX- /sdl /O2 /Oi /Oy- /GL /D WIN32 /D NDEBUG /D _CONSOLE /D _LIB /D _CRT_SECURE_NO_WARNINGS /D _UNICODE /D UNICODE /Gm- /EHsc /MD /GS /Gy /fp:precise /Zc:wchar_t /Zc:forScope /Yc"stdafx.h" /Fp"Release\UserCF.pch" /Fo"Release\\" /Fd"Release\vc120.pdb" /Gd /TP /analyze- /errorReport:prompt stdafx.cpp
         stdafx.cpp
         D:\Program Files\VS2013\VC\bin\CL.exe /c /Zi /nologo /W3 /WX- /sdl /O2 /Oi /Oy- /GL /D WIN32 /D NDEBUG /D _CONSOLE /D _LIB /D _CRT_SECURE_NO_WARNINGS /D _UNICODE /D UNICODE /Gm- /EHsc /MD /GS /Gy /fp:precise /Zc:wchar_t /Zc:forScope /Yu"stdafx.h" /Fp"Release\UserCF.pch" /Fo"Release\\" /Fd"Release\vc120.pdb" /Gd /TP /analyze- /errorReport:prompt HyBridPopularTags.cpp UserCF.cpp User_Age_CF.cpp User_Gender_CF.cpp User_Time_CF.cpp User_User_CF.cpp User_Zipcode_CF.cpp
         HyBridPopularTags.cpp
         UserCF.cpp
     1>UserCF.cpp(64): warning C4018: “<”: 有符号/无符号不匹配
     1>UserCF.cpp(83): warning C4018: “<”: 有符号/无符号不匹配
     1>UserCF.cpp(124): warning C4018: “<”: 有符号/无符号不匹配
         User_Age_CF.cpp
         User_Gender_CF.cpp
         User_Time_CF.cpp
         User_User_CF.cpp
         User_Zipcode_CF.cpp
       Link:
         D:\Program Files\VS2013\VC\bin\link.exe /ERRORREPORT:PROMPT /OUT:"F:\毕设\final\UserCF\Release\UserCF.exe" /INCREMENTAL:NO /NOLOGO kernel32.lib user32.lib gdi32.lib winspool.lib comdlg32.lib advapi32.lib shell32.lib ole32.lib oleaut32.lib uuid.lib odbc32.lib odbccp32.lib /MANIFEST /MANIFESTUAC:"level='asInvoker' uiAccess='false'" /manifest:embed /DEBUG /PDB:"F:\毕设\final\UserCF\Release\UserCF.pdb" /SUBSYSTEM:CONSOLE /OPT:REF /OPT:ICF /LTCG /TLBID:1 /DYNAMICBASE /NXCOMPAT /IMPLIB:"F:\毕设\final\UserCF\Release\UserCF.lib" /MACHINE:X86 /SAFESEH Release\HyBridPopularTags.obj
         Release\stdafx.obj
         Release\UserCF.obj
         Release\User_Age_CF.obj
         Release\User_Gender_CF.obj
         Release\User_Time_CF.obj
         Release\User_User_CF.obj
         Release\User_Zipcode_CF.obj
         正在生成代码
         已完成代码的生成
         UserCF.vcxproj -> F:\毕设\final\UserCF\Release\UserCF.exe
     1>已完成生成项目“F:\毕设\final\UserCF\UserCF\UserCF.vcxproj”(Build 个目标)的操作。

生成成功。

已用时间 00:00:03.39
