Build started 2017/5/7 12:33:15.
     1>Project "E:\毕设资料\毕设资料\UserCF（我的）\UserCF\UserCF\UserCF.vcxproj" on node 2 (Build target(s)).
     1>ClCompile:
         D:\Microsoft Visual Studio 2013 Community\VC\bin\CL.exe /c /ZI /nologo /W3 /WX- /sdl /Od /Oy- /D WIN32 /D _DEBUG /D _CONSOLE /D _LIB /D _CRT_SECURE_NO_WARNINGS /D _UNICODE /D UNICODE /Gm /EHsc /RTC1 /MDd /GS /fp:precise /Zc:wchar_t /Zc:forScope /Yc"stdafx.h" /Fp"Debug\UserCF.pch" /Fo"Debug\\" /Fd"Debug\vc120.pdb" /Gd /TP /analyze- /errorReport:prompt stdafx.cpp
         stdafx.cpp
         D:\Microsoft Visual Studio 2013 Community\VC\bin\CL.exe /c /ZI /nologo /W3 /WX- /sdl /Od /Oy- /D WIN32 /D _DEBUG /D _CONSOLE /D _LIB /D _CRT_SECURE_NO_WARNINGS /D _UNICODE /D UNICODE /Gm /EHsc /RTC1 /MDd /GS /fp:precise /Zc:wchar_t /Zc:forScope /Yu"stdafx.h" /Fp"Debug\UserCF.pch" /Fo"Debug\\" /Fd"Debug\vc120.pdb" /Gd /TP /analyze- /errorReport:prompt UserCF.cpp User_User_CF.cpp User_User_CF1.cpp generate_set.cpp newCF.cpp readinfo.cpp traditional_CF.cpp
         traditional_CF.cpp
     1>e:\毕设资料\毕设资料\usercf（我的）\usercf\usercf\traditional_cf.cpp(139): warning C4018: '<' : signed/unsigned mismatch
         readinfo.cpp
     1>e:\毕设资料\毕设资料\usercf（我的）\usercf\usercf\readinfo.cpp(64): warning C4018: '<' : signed/unsigned mismatch
     1>e:\毕设资料\毕设资料\usercf（我的）\usercf\usercf\readinfo.cpp(85): warning C4018: '<' : signed/unsigned mismatch
     1>e:\毕设资料\毕设资料\usercf（我的）\usercf\usercf\readinfo.cpp(134): warning C4018: '<' : signed/unsigned mismatch
         newCF.cpp
     1>e:\毕设资料\毕设资料\usercf（我的）\usercf\usercf\newcf.cpp(119): warning C4018: '<' : signed/unsigned mismatch
     1>e:\毕设资料\毕设资料\usercf（我的）\usercf\usercf\newcf.cpp(128): warning C4018: '<' : signed/unsigned mismatch
         generate_set.cpp
     1>e:\毕设资料\毕设资料\usercf（我的）\usercf\usercf\generate_set.cpp(13): warning C4244: 'argument' : conversion from 'time_t' to 'unsigned int', possible loss of data
         User_User_CF1.cpp
         User_User_CF.cpp
         UserCF.cpp
         Generating Code...
       Link:
         D:\Microsoft Visual Studio 2013 Community\VC\bin\link.exe /ERRORREPORT:PROMPT /OUT:"E:\毕设资料\毕设资料\UserCF（我的）\UserCF\Debug\UserCF.exe" /INCREMENTAL /NOLOGO kernel32.lib user32.lib gdi32.lib winspool.lib comdlg32.lib advapi32.lib shell32.lib ole32.lib oleaut32.lib uuid.lib odbc32.lib odbccp32.lib /MANIFEST /MANIFESTUAC:"level='asInvoker' uiAccess='false'" /manifest:embed /DEBUG /PDB:"E:\毕设资料\毕设资料\UserCF（我的）\UserCF\Debug\UserCF.pdb" /SUBSYSTEM:CONSOLE /TLBID:1 /DYNAMICBASE /NXCOMPAT /IMPLIB:"E:\毕设资料\毕设资料\UserCF（我的）\UserCF\Debug\UserCF.lib" /MACHINE:X86 Debug\generate_set.obj
         Debug\newCF.obj
         Debug\readinfo.obj
         Debug\stdafx.obj
         Debug\traditional_CF.obj
         Debug\UserCF.obj
         Debug\User_User_CF.obj
         Debug\User_User_CF1.obj
         UserCF.vcxproj -> E:\毕设资料\毕设资料\UserCF（我的）\UserCF\Debug\UserCF.exe
     1>Done Building Project "E:\毕设资料\毕设资料\UserCF（我的）\UserCF\UserCF\UserCF.vcxproj" (Build target(s)).

Build succeeded.

Time Elapsed 00:00:01.96
